<?xml version="1.0" encoding="UTF-8"?>
<!-- Generated by org.testng.reporters.JUnitReportReporter -->
<testsuite hostname="DESKTOP-N46G1GJ" failures="0" tests="1" name="tekpyramid.demowebshop.TS_DWS_002_Test" time="107.058" errors="0" timestamp="2024-12-02T11:13:51 IST" skipped="0">
  <testcase classname="tekpyramid.demowebshop.TS_DWS_002_Test" name="register" time="107.058"/>
</testsuite> <!-- tekpyramid.demowebshop.TS_DWS_002_Test -->
