<?xml version="1.0" encoding="UTF-8"?>
<!-- Generated by org.testng.reporters.JUnitReportReporter -->
<testsuite hostname="DESKTOP-N46G1GJ" failures="0" tests="1" name="tekpyramid.demowebshop.TS_DWS_011_Test" time="69.553" errors="0" timestamp="2024-12-02T12:34:01 IST" skipped="0">
  <testcase classname="tekpyramid.demowebshop.TS_DWS_011_Test" name="books" time="69.553"/>
</testsuite> <!-- tekpyramid.demowebshop.TS_DWS_011_Test -->
